<?xml version="1.0" encoding="UTF-8"?>
<!-- Generated by org.testng.reporters.JUnitReportReporter -->
<testsuite hostname="LAPTOP-E78QFD5E" failures="0" tests="7" name="Tests.JobsService" time="5.820" errors="0" timestamp="26 Sep 2021 02:50:56 GMT" skipped="0">
  <testcase classname="Tests.JobsService" name="GetJobs" time="2.459"/>
  <testcase classname="Tests.JobsService" name="CreateJob" time="0.592"/>
  <testcase classname="Tests.JobsService" name="CreateJob" time="0.550"/>
  <testcase classname="Tests.JobsService" name="UpdateJob" time="0.528"/>
  <testcase classname="Tests.JobsService" name="UpdateJob" time="0.528"/>
  <testcase classname="Tests.JobsService" name="DeleteJob" time="0.543"/>
  <testcase classname="Tests.JobsService" name="DeleteJob" time="0.620"/>
</testsuite> <!-- Tests.JobsService -->
