<?xml version="1.0" encoding="UTF-8"?>
<!-- Generated by org.testng.reporters.JUnitReportReporter -->
<testsuite hostname="LAPTOP-E78QFD5E" failures="0" tests="3" name="Tests.JobsApi" time="11.586" errors="0" timestamp="26 Sep 2021 16:00:53 GMT" skipped="0">
  <testcase classname="Tests.JobsApi" name="getjobs" time="10.662"/>
  <testcase classname="Tests.JobsApi" name="CreateJob" time="0.489"/>
  <testcase classname="Tests.JobsApi" name="CreateJob" time="0.435"/>
</testsuite> <!-- Tests.JobsApi -->
